[Tue Dec 22 00:17:47 GMT+06:00 2020] [ADMIN] [LOGIN] INFO:LOGIN: alen
[Tue Dec 22 00:21:38 GMT+06:00 2020] [ADMIN] [LOGIN] INFO:LOGIN: alen
[Tue Dec 22 00:22:11 GMT+06:00 2020] [ADMIN] [USER CREATE] INFO:USER ID: 20B000001 LOGIN: diana USER ROLE: STUDENT
[Tue Dec 22 00:22:37 GMT+06:00 2020] [ADMIN] [USER CREATE] INFO:USER ID: 20B000002 LOGIN: asemai USER ROLE: STUDENT
[Tue Dec 22 00:23:04 GMT+06:00 2020] [ADMIN] [USER CREATE] INFO:USER ID: 20B000003 LOGIN: askar USER ROLE: TEACHER
[Tue Dec 22 00:23:29 GMT+06:00 2020] [ADMIN] [USER CREATE] INFO:USER ID: 20B000004 LOGIN: pakita USER ROLE: TEACHER
[Tue Dec 22 00:24:39 GMT+06:00 2020] [ADMIN] [USER CHANGE] INFO:JUST CHANGED USER WITH ID 20B000002
[Tue Dec 22 00:24:54 GMT+06:00 2020] [ADMIN] [USER CHANGE] INFO:JUST CHANGED USER WITH ID 20B000002
[Tue Dec 22 00:25:44 GMT+06:00 2020] [ADMIN] [USER CREATE] INFO:USER ID: 20B000005 LOGIN: dana USER ROLE: MANAGER
[Tue Dec 22 00:26:06 GMT+06:00 2020] [ADMIN] [USER CREATE] INFO:USER ID: 20B000006 LOGIN: sanya USER ROLE: TECH_SUPPORT
[Tue Dec 22 00:29:01 GMT+06:00 2020] [ADMIN] [SEND MAIL] INFO:JUST WROTE MAIL TO USER WITH ID 20B000005
[Tue Dec 22 00:29:17 GMT+06:00 2020] [MANAGER] [LOGIN] INFO:LOGIN: dana
[Tue Dec 22 00:29:34 GMT+06:00 2020] [MANAGER] [ORDER SEND] INFO:JUST WROTE IT ORDER
[Tue Dec 22 00:32:04 GMT+06:00 2020] [MANAGER] [SEND MAIL] INFO:JUST WROTE MAIL TO USER WITH ID 20B000001
[Tue Dec 22 00:33:14 GMT+06:00 2020] [MANAGER] [CREATE DISCIPLINE] INFO:DISCIPLINE CSCI2106 OOP
[Tue Dec 22 00:33:49 GMT+06:00 2020] [MANAGER] [CREATE DISCIPLINE] INFO:DISCIPLINE CSCI2101 PP1
[Tue Dec 22 00:34:30 GMT+06:00 2020] [MANAGER] [CREATE DISCIPLINE] INFO:DISCIPLINE CSCI2102 PP2
[Tue Dec 22 00:35:03 GMT+06:00 2020] [MANAGER] [OPENED/CLOSED DISCIPLINE] INFO:DISCIPLINE CSCI2106 OOP
[Tue Dec 22 00:38:09 GMT+06:00 2020] [TEACHER] [LOGIN] INFO:LOGIN: askar
[Tue Dec 22 00:40:39 GMT+06:00 2020] [TEACHER] [ADD COURSE] INFO:COURSE ID 20C000000
[Tue Dec 22 00:40:53 GMT+06:00 2020] [TEACHER] [ADD COURSE] INFO:COURSE ID 20C000001
[Tue Dec 22 00:41:45 GMT+06:00 2020] [TEACHER] [LOGIN] INFO:LOGIN: pakita
[Tue Dec 22 00:42:04 GMT+06:00 2020] [MANAGER] [LOGIN] INFO:LOGIN: dana
[Tue Dec 22 00:42:13 GMT+06:00 2020] [MANAGER] [OPENED/CLOSED DISCIPLINE] INFO:DISCIPLINE CSCI2106 OOP
[Tue Dec 22 00:42:37 GMT+06:00 2020] [MANAGER] [EDIT COURSE SCHEDULE] INFO:COURSE ID 20C000000
[Tue Dec 22 00:42:45 GMT+06:00 2020] [MANAGER] [EDIT COURSE SCHEDULE] INFO:COURSE ID 20C000000
[Tue Dec 22 00:42:55 GMT+06:00 2020] [MANAGER] [EDIT COURSE SCHEDULE] INFO:COURSE ID 20C000000
[Tue Dec 22 00:43:03 GMT+06:00 2020] [MANAGER] [EDIT COURSE SCHEDULE] INFO:COURSE ID 20C000000
[Tue Dec 22 00:43:18 GMT+06:00 2020] [MANAGER] [ADD STUDENT TO COURSE] INFO:STUDENT ID20B000002 COURSE ID20C000000 PP1
[Tue Dec 22 00:43:44 GMT+06:00 2020] [STUDENT] [LOGIN] INFO:LOGIN: diana
[Tue Dec 22 00:43:51 GMT+06:00 2020] [STUDENT] [ORDER SEND] INFO:JUST WROTE OR ORDER
[Tue Dec 22 00:43:57 GMT+06:00 2020] [STUDENT] [ORDER SEND] INFO:JUST WROTE IT ORDER
[Tue Dec 22 00:44:10 GMT+06:00 2020] [STUDENT] [SEND MAIL] INFO:JUST WROTE MAIL TO USER WITH ID 20B000002
[Tue Dec 22 00:46:49 GMT+06:00 2020] [STUDENT] [LOGIN] INFO:LOGIN: diana
[Tue Dec 22 00:49:10 GMT+06:00 2020] [TEACHER] [LOGIN] INFO:LOGIN: askar
[Tue Dec 22 00:49:27 GMT+06:00 2020] [MANAGER] [LOGIN] INFO:LOGIN: dana
[Tue Dec 22 00:49:43 GMT+06:00 2020] [MANAGER] [OPENED/CLOSED COURSE] INFO:COURSE ID 20C000000
[Tue Dec 22 00:52:04 GMT+06:00 2020] [MANAGER] [ADD STUDENT TO COURSE] INFO:STUDENT ID20B000002 COURSE ID20C000000 PP1
[Tue Dec 22 00:52:20 GMT+06:00 2020] [MANAGER] [OPENED/CLOSED COURSE] INFO:COURSE ID 20C000001
[Tue Dec 22 00:52:51 GMT+06:00 2020] [TEACHER] [LOGIN] INFO:LOGIN: pakita
[Tue Dec 22 00:53:00 GMT+06:00 2020] [TEACHER] [ADD COURSE] INFO:COURSE ID 20C000002
[Tue Dec 22 00:53:23 GMT+06:00 2020] [STUDENT] [LOGIN] INFO:LOGIN: diana
[Tue Dec 22 00:54:12 GMT+06:00 2020] [STUDENT] [STUDENT JOINED COURSE] INFO:COURSE ID 20C000000
[Tue Dec 22 00:56:19 GMT+06:00 2020] [TEACHER] [LOGIN] INFO:LOGIN: pakita
[Tue Dec 22 00:56:27 GMT+06:00 2020] [TEACHER] [ADD COURSE] INFO:COURSE ID 20C000003
[Tue Dec 22 00:57:23 GMT+06:00 2020] [TEACHER] [COURSE ADD FILE] INFO:COURSE ID 20C000003
[Tue Dec 22 00:57:31 GMT+06:00 2020] [TEACHER] [COURSE REMOVE FILE] INFO:COURSE ID 20C000003
[Tue Dec 22 01:07:53 GMT+06:00 2020] [STUDENT] [LOGIN] INFO:LOGIN: asemai
[Tue Dec 22 01:08:23 GMT+06:00 2020] [STUDENT] [LOGIN] INFO:LOGIN: asemai
[Tue Dec 22 01:10:00 GMT+06:00 2020] [MANAGER] [LOGIN] INFO:LOGIN: dana
[Tue Dec 22 01:16:06 GMT+06:00 2020] [TEACHER] [LOGIN] INFO:LOGIN: askar
[Tue Dec 22 01:16:25 GMT+06:00 2020] [TEACHER] [PUT MARK] INFO:COURSE ID 20C000000; STUDENT ID: 20B000001
[Tue Dec 22 01:16:49 GMT+06:00 2020] [TEACHER] [PUT MARK] INFO:COURSE ID 20C000000; STUDENT ID: 20B000001
[Tue Dec 22 01:17:11 GMT+06:00 2020] [TEACHER] [PUT MARK] INFO:COURSE ID 20C000000; STUDENT ID: 20B000001
[Tue Dec 22 01:17:24 GMT+06:00 2020] [TEACHER] [PUT FINAL] INFO:COURSE ID 20C000000; STUDENT ID: 20B000001
[Tue Dec 22 01:17:29 GMT+06:00 2020] [TEACHER] [PUT MARK] INFO:COURSE ID 20C000000; STUDENT ID: 20B000001
[Tue Dec 22 01:17:54 GMT+06:00 2020] [STUDENT] [LOGIN] INFO:LOGIN: diana
[Tue Dec 22 01:24:09 GMT+06:00 2020] [ADMIN] [LOGIN] INFO:LOGIN: alen
